Parameter counts found:
  tiny: 145024
  small: 1078528
  medium: 2404224
  large: 6355456

Validation losses found:
  tiny: 1.2306
  small: 1.1418
  medium: 1.1026
  large: 1.0813

Wall clock time per epoch (minutes):
  tiny  : 0.4
  small : 1.3
  medium: 1.5
  large : 1.9

Peak GPU memory usage (GB):
  tiny  : 345.09
  small : 496.32
  medium: 709.6
  large : 1165.81

Power law fit L = a * N^(-alpha) + c:
  a ≈ 2.718381
  alpha ≈ 0.184958
  c ≈ 0.929157
Saved /scratch/dk5288/code/my_project/part3/rnn_training_loss_curves_all_models.png
Saved /scratch/dk5288/code/my_project/part3/rnn_scaling_law_val_loss_vs_params.png
Wrote summary to /scratch/dk5288/code/my_project/part3/rnn_scaling_analysis_summary.txt
Saved /scratch/dk5288/code/my_project/part3/rnn_scaling_extra_metrics.csv
